#! c:/iverilog-x86/bin/vvp
:ivl_version "10.0 (stable)" "(v10_0)";
:ivl_delay_selection "TYPICAL";
:vpi_time_precision + 0;
:vpi_module "system";
:vpi_module "vhdl_sys";
:vpi_module "v2005_math";
:vpi_module "va_math";
S_011cb050 .scope module, "lab7com1_tb" "lab7com1_tb" 2 50;
 .timescale 0 0;
v02cd1c08_0 .var "errors", 7 0;
v02cd1948_0 .var/s "rightResult", 31 0;
v02cd19a0_0 .var "rightZero", 0 0;
v02cd1b00 .array "testvectors", 72 0, 100 0;
v02cd19f8_0 .var "vectornum", 7 0;
v02cd1e18_0 .var/s "wA", 31 0;
v02cd1d68_0 .var/s "wB", 31 0;
v02cd1e70_0 .var "wOperation", 3 0;
v02cd1c60_0 .net/s "wResult", 31 0, v02cd1cb8_0;  1 drivers
v02cd1d10_0 .net "wZero", 0 0, v02cd1f20_0;  1 drivers
S_011cb558 .scope module, "uut" "lab7com1" 2 90, 2 6 0, S_011cb050;
 .timescale 0 0;
    .port_info 0 /INPUT 32 "inA"
    .port_info 1 /INPUT 32 "inB"
    .port_info 2 /INPUT 4 "operation"
    .port_info 3 /OUTPUT 32 "result"
    .port_info 4 /OUTPUT 1 "zero"
v02cd18f0_0 .net/s "inA", 31 0, v02cd1e18_0;  1 drivers
v02cd1aa8_0 .net/s "inB", 31 0, v02cd1d68_0;  1 drivers
v02cd1bb0_0 .net "operation", 3 0, v02cd1e70_0;  1 drivers
v02cd1cb8_0 .var/s "result", 31 0;
v02cd1f20_0 .var "zero", 0 0;
    .scope S_011cb558;
T_0 ;
    %delay 1, 0;
    %load/vec4 v02cd1bb0_0;
    %dup/vec4;
    %pushi/vec4 0, 0, 4;
    %cmp/u;
    %jmp/1 T_0.0, 6;
    %dup/vec4;
    %pushi/vec4 1, 0, 4;
    %cmp/u;
    %jmp/1 T_0.1, 6;
    %dup/vec4;
    %pushi/vec4 2, 0, 4;
    %cmp/u;
    %jmp/1 T_0.2, 6;
    %dup/vec4;
    %pushi/vec4 3, 0, 4;
    %cmp/u;
    %jmp/1 T_0.3, 6;
    %dup/vec4;
    %pushi/vec4 4, 0, 4;
    %cmp/u;
    %jmp/1 T_0.4, 6;
    %dup/vec4;
    %pushi/vec4 5, 0, 4;
    %cmp/u;
    %jmp/1 T_0.5, 6;
    %dup/vec4;
    %pushi/vec4 6, 0, 4;
    %cmp/u;
    %jmp/1 T_0.6, 6;
    %dup/vec4;
    %pushi/vec4 7, 0, 4;
    %cmp/u;
    %jmp/1 T_0.7, 6;
    %dup/vec4;
    %pushi/vec4 8, 0, 4;
    %cmp/u;
    %jmp/1 T_0.8, 6;
    %dup/vec4;
    %pushi/vec4 9, 0, 4;
    %cmp/u;
    %jmp/1 T_0.9, 6;
    %dup/vec4;
    %pushi/vec4 10, 0, 4;
    %cmp/u;
    %jmp/1 T_0.10, 6;
    %dup/vec4;
    %pushi/vec4 11, 0, 4;
    %cmp/u;
    %jmp/1 T_0.11, 6;
    %dup/vec4;
    %pushi/vec4 12, 0, 4;
    %cmp/u;
    %jmp/1 T_0.12, 6;
    %dup/vec4;
    %pushi/vec4 13, 0, 4;
    %cmp/u;
    %jmp/1 T_0.13, 6;
    %dup/vec4;
    %pushi/vec4 14, 0, 4;
    %cmp/u;
    %jmp/1 T_0.14, 6;
    %dup/vec4;
    %pushi/vec4 15, 0, 4;
    %cmp/u;
    %jmp/1 T_0.15, 6;
    %vpi_call 2 43 "$display", "Error: Bad operation input." {0 0 0};
    %jmp T_0.17;
T_0.0 ;
    %load/vec4 v02cd18f0_0;
    %load/vec4 v02cd1aa8_0;
    %add;
    %store/vec4 v02cd1cb8_0, 0, 32;
    %jmp T_0.17;
T_0.1 ;
    %load/vec4 v02cd18f0_0;
    %load/vec4 v02cd1aa8_0;
    %sub;
    %store/vec4 v02cd1cb8_0, 0, 32;
    %jmp T_0.17;
T_0.2 ;
    %load/vec4 v02cd18f0_0;
    %load/vec4 v02cd1aa8_0;
    %and;
    %store/vec4 v02cd1cb8_0, 0, 32;
    %jmp T_0.17;
T_0.3 ;
    %load/vec4 v02cd18f0_0;
    %load/vec4 v02cd1aa8_0;
    %or;
    %store/vec4 v02cd1cb8_0, 0, 32;
    %jmp T_0.17;
T_0.4 ;
    %load/vec4 v02cd18f0_0;
    %load/vec4 v02cd1aa8_0;
    %xor;
    %store/vec4 v02cd1cb8_0, 0, 32;
    %jmp T_0.17;
T_0.5 ;
    %load/vec4 v02cd18f0_0;
    %load/vec4 v02cd1aa8_0;
    %xnor;
    %store/vec4 v02cd1cb8_0, 0, 32;
    %jmp T_0.17;
T_0.6 ;
    %load/vec4 v02cd18f0_0;
    %load/vec4 v02cd1aa8_0;
    %cmp/s;
    %flag_mov 8, 5;
    %jmp/0 T_0.18, 8;
    %pushi/vec4 1, 0, 32;
    %jmp/1 T_0.19, 8;
T_0.18 ; End of true expr.
    %pushi/vec4 0, 0, 32;
    %jmp/0 T_0.19, 8;
 ; End of false expr.
    %blend;
T_0.19;
    %store/vec4 v02cd1cb8_0, 0, 32;
    %jmp T_0.17;
T_0.7 ;
    %load/vec4 v02cd18f0_0;
    %load/vec4 v02cd1aa8_0;
    %ix/vec4 4;
    %shiftl 4;
    %store/vec4 v02cd1cb8_0, 0, 32;
    %jmp T_0.17;
T_0.8 ;
    %load/vec4 v02cd18f0_0;
    %load/vec4 v02cd1aa8_0;
    %ix/vec4 4;
    %shiftr 4;
    %store/vec4 v02cd1cb8_0, 0, 32;
    %jmp T_0.17;
T_0.9 ;
    %load/vec4 v02cd18f0_0;
    %load/vec4 v02cd1aa8_0;
    %ix/vec4 4;
    %shiftr/s 4;
    %store/vec4 v02cd1cb8_0, 0, 32;
    %jmp T_0.17;
T_0.10 ;
    %load/vec4 v02cd18f0_0;
    %store/vec4 v02cd1cb8_0, 0, 32;
    %jmp T_0.17;
T_0.11 ;
    %load/vec4 v02cd18f0_0;
    %nor/r;
    %pad/u 32;
    %store/vec4 v02cd1cb8_0, 0, 32;
    %jmp T_0.17;
T_0.12 ;
    %load/vec4 v02cd18f0_0;
    %addi 1, 0, 32;
    %store/vec4 v02cd1cb8_0, 0, 32;
    %jmp T_0.17;
T_0.13 ;
    %load/vec4 v02cd18f0_0;
    %subi 1, 0, 32;
    %store/vec4 v02cd1cb8_0, 0, 32;
    %jmp T_0.17;
T_0.14 ;
    %vpi_call 2 41 "$display", "Not Implemented." {0 0 0};
    %jmp T_0.17;
T_0.15 ;
    %vpi_call 2 42 "$display", "Not Implemented." {0 0 0};
    %jmp T_0.17;
T_0.17 ;
    %pop/vec4 1;
    %load/vec4 v02cd1cb8_0;
    %cmpi/ne 0, 0, 32;
    %flag_mov 8, 4;
    %jmp/0 T_0.20, 8;
    %pushi/vec4 0, 0, 2;
    %jmp/1 T_0.21, 8;
T_0.20 ; End of true expr.
    %pushi/vec4 1, 0, 2;
    %jmp/0 T_0.21, 8;
 ; End of false expr.
    %blend;
T_0.21;
    %pad/s 1;
    %store/vec4 v02cd1f20_0, 0, 1;
    %jmp T_0;
    .thread T_0;
    .scope S_011cb050;
T_1 ;
    %vpi_call 2 64 "$dumpfile", "lab7com1.vcd" {0 0 0};
    %vpi_call 2 65 "$dumpvars" {0 0 0};
    %end;
    .thread T_1;
    .scope S_011cb050;
T_2 ;
    %vpi_call 2 69 "$readmemb", "lab7com1_test.txt", v02cd1b00 {0 0 0};
    %pushi/vec4 0, 0, 8;
    %store/vec4 v02cd1c08_0, 0, 8;
    %pushi/vec4 0, 0, 8;
    %store/vec4 v02cd19f8_0, 0, 8;
    %end;
    .thread T_2;
    .scope S_011cb050;
T_3 ;
    %ix/getv 4, v02cd19f8_0;
    %load/vec4a v02cd1b00, 4;
    %pushi/vec4 4294967295, 4294967295, 32;
    %concati/vec4 4294967295, 4294967295, 32;
    %concati/vec4 4294967295, 4294967295, 32;
    %concati/vec4 31, 31, 5;
    %cmp/e;
    %flag_mov 8, 6;
    %load/vec4 v02cd19f8_0;
    %pad/u 32;
    %cmpi/e 73, 0, 32;
    %flag_or 6, 8;
    %jmp/0xz  T_3.0, 6;
    %vpi_call 2 77 "$display", "Test completed with %d errors.", v02cd1c08_0 {0 0 0};
    %vpi_call 2 78 "$finish" {0 0 0};
T_3.0 ;
    %ix/getv 4, v02cd19f8_0;
    %load/vec4a v02cd1b00, 4;
    %split/vec4 1;
    %store/vec4 v02cd19a0_0, 0, 1;
    %split/vec4 32;
    %store/vec4 v02cd1948_0, 0, 32;
    %split/vec4 4;
    %store/vec4 v02cd1e70_0, 0, 4;
    %split/vec4 32;
    %store/vec4 v02cd1d68_0, 0, 32;
    %store/vec4 v02cd1e18_0, 0, 32;
    %delay 1, 0;
    %load/vec4 v02cd1948_0;
    %load/vec4 v02cd1c60_0;
    %cmp/ne;
    %flag_mov 8, 4;
    %load/vec4 v02cd1d10_0;
    %load/vec4 v02cd19a0_0;
    %cmp/ne;
    %flag_or 4, 8;
    %jmp/0xz  T_3.2, 4;
    %load/vec4 v02cd1c08_0;
    %addi 1, 0, 8;
    %store/vec4 v02cd1c08_0, 0, 8;
    %vpi_call 2 84 "$display", "Input %b %b %b incorrectly creates %b %b.", v02cd1e18_0, v02cd1d68_0, v02cd1e70_0, v02cd1c60_0, v02cd1d10_0 {0 0 0};
T_3.2 ;
    %vpi_call 2 86 "$display", "InA=%b InB=%b Op=%b | Result=%b Zero=%b", v02cd1e18_0, v02cd1d68_0, v02cd1e70_0, v02cd1c60_0, v02cd1d10_0 {0 0 0};
    %load/vec4 v02cd19f8_0;
    %addi 1, 0, 8;
    %store/vec4 v02cd19f8_0, 0, 8;
    %jmp T_3;
    .thread T_3;
# The file index is used to find the file name in the following table.
:file_names 3;
    "N/A";
    "<interactive>";
    "lab7com1.v";
